#
# A fatal error has been detected by the Java Runtime Environment:
#
#  Internal Error (methodData.cpp:1142), pid=7652, tid=6884
#  Error: ShouldNotReachHere()
#
# JRE version: OpenJDK Runtime Environment Temurin-17.0.12+7 (17.0.12+7) (build 17.0.12+7)
# Java VM: OpenJDK 64-Bit Server VM Temurin-17.0.12+7 (17.0.12+7, mixed mode, tiered, compressed oops, compressed class ptrs, parallel gc, windows-amd64)
# No core dump will be written. Minidumps are not enabled by default on client versions of Windows
#
# If you would like to submit a bug report, please visit:
#   https://github.com/adoptium/adoptium-support/issues
#

---------------  S U M M A R Y ------------

Command Line: --add-modules=ALL-SYSTEM --add-opens=java.base/java.util=ALL-UNNAMED --add-opens=java.base/java.lang=ALL-UNNAMED --add-opens=java.base/sun.nio.fs=ALL-UNNAMED -Declipse.application=org.eclipse.jdt.ls.core.id1 -Dosgi.bundles.defaultStartLevel=4 -Declipse.product=org.eclipse.jdt.ls.core.product -Djava.import.generatesMetadataFilesAtProjectRoot=false -DDetectVMInstallationsJob.disabled=true -Dfile.encoding=utf8 -XX:+UseParallelGC -XX:GCTimeRatio=4 -XX:AdaptiveSizePolicyWeight=90 -Dsun.zip.disableMemoryMapping=true -Xmx1G -Xms100m -Xlog:disable -javaagent:c:\Users\PC\.vscode\extensions\redhat.java-1.34.0-win32-x64\lombok\lombok-1.18.33.jar -XX:+HeapDumpOnOutOfMemoryError -XX:HeapDumpPath=c:\Users\PC\AppData\Roaming\Code\User\workspaceStorage\2ed185460210b7a3b5d86725ba3f0350\redhat.java -Daether.dependencyCollector.impl=bf c:\Users\PC\.vscode\extensions\redhat.java-1.34.0-win32-x64\server\plugins\org.eclipse.equinox.launcher_1.6.900.v20240613-2009.jar -configuration c:\Users\PC\AppData\Roaming\Code\User\globalStorage\redhat.java\1.34.0\config_win -data c:\Users\PC\AppData\Roaming\Code\User\workspaceStorage\2ed185460210b7a3b5d86725ba3f0350\redhat.java\jdt_ws --pipe=\\.\pipe\lsp-06d083c451fc7f765beef920736ebf20-sock

Host: AMD A4-9125 RADEON R3, 4 COMPUTE CORES 2C+2G   , 2 cores, 7G,  Windows 10 , 64 bit Build 19041 (10.0.19041.4717)
Time: Wed Sep 11 11:41:15 2024 Malay Peninsula Standard Time elapsed time: 10512.959601 seconds (0d 2h 55m 12s)

---------------  T H R E A D  ---------------

Current thread (0x00000244ee913e60):  VMThread "VM Thread" [stack: 0x000000dbe1d00000,0x000000dbe1e00000] [id=6884]

Stack: [0x000000dbe1d00000,0x000000dbe1e00000]
Native frames: (J=compiled Java code, j=interpreted, Vv=VM code, C=native code)
V  [jvm.dll+0x67f929]
V  [jvm.dll+0x8371ba]
V  [jvm.dll+0x838c7e]
V  [jvm.dll+0x839297]
V  [jvm.dll+0x24827a]
V  [jvm.dll+0x2481b3]
V  [jvm.dll+0x637bf6]
V  [jvm.dll+0x636d65]
V  [jvm.dll+0x3705d8]
V  [jvm.dll+0x54271c]
V  [jvm.dll+0x6b9a85]
V  [jvm.dll+0x6b9048]
V  [jvm.dll+0x6beae1]
V  [jvm.dll+0x68aca3]
V  [jvm.dll+0x6c01f4]
V  [jvm.dll+0x83d7dd]
V  [jvm.dll+0x83e522]
V  [jvm.dll+0x83ea4f]
V  [jvm.dll+0x83ee34]
V  [jvm.dll+0x83ef00]
V  [jvm.dll+0x7e65dc]
V  [jvm.dll+0x67e7f7]
C  [ucrtbase.dll+0x21bb2]
C  [KERNEL32.DLL+0x17374]
C  [ntdll.dll+0x4cc91]

VM_Operation (0x000000dbe19fd380): ParallelGCFailedAllocation, mode: safepoint, requested by thread 0x00000244f36632b0


---------------  P R O C E S S  ---------------

Threads class SMR info:
_java_thread_list=0x00000244f4d32f90, length=34, elements={
0x00000244d8ba9920, 0x00000244d8c63620, 0x00000244d8c65050, 0x00000244ee93b300,
0x00000244ee94d030, 0x00000244ee94ffd0, 0x00000244ee9518b0, 0x00000244ee9524b0,
0x00000244ee9b5bc0, 0x00000244ee9b6880, 0x00000244f3584330, 0x00000244f37c1f30,
0x00000244f3691ff0, 0x00000244f3beb730, 0x00000244f3bebee0, 0x00000244f3f035f0,
0x00000244f368ee60, 0x00000244f402cdd0, 0x00000244f402c3b0, 0x00000244f402b480,
0x00000244f402dd00, 0x00000244f402e210, 0x00000244f536c680, 0x00000244f536b240,
0x00000244f536ef00, 0x00000244f536a310, 0x00000244f536f920, 0x00000244f36641e0,
0x00000244f3663cd0, 0x00000244f366a210, 0x00000244f536ad30, 0x00000244f3666a60,
0x00000244f3667ea0, 0x00000244f36632b0
}

Java Threads: ( => current thread )
  0x00000244d8ba9920 JavaThread "main" [_thread_blocked, id=5140, stack(0x000000dbe1a00000,0x000000dbe1b00000)]
  0x00000244d8c63620 JavaThread "Reference Handler" daemon [_thread_blocked, id=4392, stack(0x000000dbe1e00000,0x000000dbe1f00000)]
  0x00000244d8c65050 JavaThread "Finalizer" daemon [_thread_blocked, id=8840, stack(0x000000dbe1f00000,0x000000dbe2000000)]
  0x00000244ee93b300 JavaThread "Signal Dispatcher" daemon [_thread_blocked, id=4360, stack(0x000000dbe2000000,0x000000dbe2100000)]
  0x00000244ee94d030 JavaThread "Attach Listener" daemon [_thread_blocked, id=6524, stack(0x000000dbe2100000,0x000000dbe2200000)]
  0x00000244ee94ffd0 JavaThread "Service Thread" daemon [_thread_blocked, id=2572, stack(0x000000dbe2200000,0x000000dbe2300000)]
  0x00000244ee9518b0 JavaThread "Monitor Deflation Thread" daemon [_thread_blocked, id=768, stack(0x000000dbe2300000,0x000000dbe2400000)]
  0x00000244ee9524b0 JavaThread "C2 CompilerThread0" daemon [_thread_blocked, id=10588, stack(0x000000dbe2400000,0x000000dbe2500000)]
  0x00000244ee9b5bc0 JavaThread "C1 CompilerThread0" daemon [_thread_blocked, id=9116, stack(0x000000dbe2500000,0x000000dbe2600000)]
  0x00000244ee9b6880 JavaThread "Sweeper thread" daemon [_thread_blocked, id=10296, stack(0x000000dbe2600000,0x000000dbe2700000)]
  0x00000244f3584330 JavaThread "Common-Cleaner" daemon [_thread_blocked, id=8332, stack(0x000000dbe2700000,0x000000dbe2800000)]
  0x00000244f37c1f30 JavaThread "Notification Thread" daemon [_thread_blocked, id=1312, stack(0x000000dbe2800000,0x000000dbe2900000)]
  0x00000244f3691ff0 JavaThread "Active Thread: Equinox Container: 21139055-1cf0-42f1-bbe7-bc2ce6cedc01" [_thread_blocked, id=2196, stack(0x000000dbe2b00000,0x000000dbe2c00000)]
  0x00000244f3beb730 JavaThread "Framework Event Dispatcher: Equinox Container: 21139055-1cf0-42f1-bbe7-bc2ce6cedc01" daemon [_thread_blocked, id=12228, stack(0x000000dbe2c00000,0x000000dbe2d00000)]
  0x00000244f3bebee0 JavaThread "Start Level: Equinox Container: 21139055-1cf0-42f1-bbe7-bc2ce6cedc01" daemon [_thread_blocked, id=11492, stack(0x000000dbe2d00000,0x000000dbe2e00000)]
  0x00000244f3f035f0 JavaThread "Bundle File Closer" daemon [_thread_blocked, id=10724, stack(0x000000dbe2e00000,0x000000dbe2f00000)]
  0x00000244f368ee60 JavaThread "SCR Component Actor" daemon [_thread_blocked, id=9632, stack(0x000000dbe2f00000,0x000000dbe3000000)]
  0x00000244f402cdd0 JavaThread "Worker-JM" [_thread_blocked, id=1220, stack(0x000000dbe3100000,0x000000dbe3200000)]
  0x00000244f402c3b0 JavaThread "Java indexing" daemon [_thread_blocked, id=2392, stack(0x000000dbe3000000,0x000000dbe3100000)]
  0x00000244f402b480 JavaThread "JNA Cleaner" daemon [_thread_blocked, id=8576, stack(0x000000dbe3600000,0x000000dbe3700000)]
  0x00000244f402dd00 JavaThread "Thread-2" daemon [_thread_in_native, id=5808, stack(0x000000dbe3700000,0x000000dbe3800000)]
  0x00000244f402e210 JavaThread "Thread-3" daemon [_thread_in_native, id=4920, stack(0x000000dbe3800000,0x000000dbe3900000)]
  0x00000244f536c680 JavaThread "Thread-4" daemon [_thread_blocked, id=7436, stack(0x000000dbe3900000,0x000000dbe3a00000)]
  0x00000244f536b240 JavaThread "pool-2-thread-1" [_thread_blocked, id=3872, stack(0x000000dbe3a00000,0x000000dbe3b00000)]
  0x00000244f536ef00 JavaThread "WorkspaceEventsHandler" [_thread_blocked, id=10896, stack(0x000000dbe3b00000,0x000000dbe3c00000)]
  0x00000244f536a310 JavaThread "pool-1-thread-1" [_thread_blocked, id=5288, stack(0x000000dbe3c00000,0x000000dbe3d00000)]
  0x00000244f536f920 JavaThread "Cleaner-0" daemon [_thread_blocked, id=2092, stack(0x000000dbe1b00000,0x000000dbe1c00000)]
  0x00000244f36641e0 JavaThread "Java Debug Server" [_thread_in_native, id=8272, stack(0x000000dbe3e00000,0x000000dbe3f00000)]
  0x00000244f3663cd0 JavaThread "RxSchedulerPurge-1" daemon [_thread_blocked, id=7912, stack(0x000000dbe3f00000,0x000000dbe4000000)]
  0x00000244f366a210 JavaThread "RxCachedWorkerPoolEvictor-1" daemon [_thread_blocked, id=5956, stack(0x000000dbe4000000,0x000000dbe4100000)]
  0x00000244f536ad30 JavaThread "Worker-12" [_thread_blocked, id=12324, stack(0x000000dbe4200000,0x000000dbe4300000)]
  0x00000244f3666a60 JavaThread "Worker-18" [_thread_blocked, id=6836, stack(0x000000dbe3200000,0x000000dbe3300000)]
  0x00000244f3667ea0 JavaThread "ForkJoinPool.commonPool-worker-23" daemon [_thread_blocked, id=1008, stack(0x000000dbe3300000,0x000000dbe3400000)]
  0x00000244f36632b0 JavaThread "Thread-10201" [_thread_blocked, id=1368, stack(0x000000dbe1900000,0x000000dbe1a00000)]

Other Threads:
=>0x00000244ee913e60 VMThread "VM Thread" [stack: 0x000000dbe1d00000,0x000000dbe1e00000] [id=6884]
  0x00000244f3782cd0 WatcherThread [stack: 0x000000dbe2900000,0x000000dbe2a00000] [id=2012]
  0x00000244d8bc1ab0 GCTaskThread "GC Thread#0" [stack: 0x000000dbe1c00000,0x000000dbe1d00000] [id=1780]
  0x00000244f39aae90 GCTaskThread "GC Thread#1" [stack: 0x000000dbe2a00000,0x000000dbe2b00000] [id=6396]

Threads with active compile tasks:

VM state: at safepoint (normal execution)

VM Mutex/Monitor currently owned by a thread:  ([mutex/lock_event])
[0x00000244d8ba4910] Threads_lock - owner thread: 0x00000244ee913e60
[0x00000244d8ba5410] Heap_lock - owner thread: 0x00000244f36632b0

Heap address: 0x00000000c0000000, size: 1024 MB, Compressed Oops mode: 32-bit

CDS archive(s) not mapped
Compressed class space mapped at: 0x0000000100000000-0x0000000140000000, reserved size: 1073741824
Narrow klass base: 0x0000000000000000, Narrow klass shift: 3, Narrow klass range: 0x140000000

GC Precious Log:
 CPUs: 2 total, 2 available
 Memory: 7628M
 Large Page Support: Disabled
 NUMA Support: Disabled
 Compressed Oops: Enabled (32-bit)
 Alignments: Space 512K, Generation 512K, Heap 2M
 Heap Min Capacity: 100M
 Heap Initial Capacity: 100M
 Heap Max Capacity: 1G
 Pre-touch: Disabled
 Parallel Workers: 2

Heap:
 PSYoungGen      total 2560K, used 489K [0x00000000eab00000, 0x00000000eaf00000, 0x0000000100000000)
  eden space 2048K, 0% used [0x00000000eab00000,0x00000000eab00000,0x00000000ead00000)
  from space 512K, 95% used [0x00000000ead80000,0x00000000eadfa770,0x00000000eae00000)
  to   space 1024K, 0% used [0x00000000eae00000,0x00000000eae00000,0x00000000eaf00000)
 ParOldGen       total 147968K, used 147543K [0x00000000c0000000, 0x00000000c9080000, 0x00000000eab00000)
  object space 147968K, 99% used [0x00000000c0000000,0x00000000c9015d10,0x00000000c9080000)
 Metaspace       used 96152K, committed 97344K, reserved 1179648K
  class space    used 9610K, committed 10112K, reserved 1048576K

Card table byte_map: [0x00000244ec250000,0x00000244ec460000] _byte_map_base: 0x00000244ebc50000

Marking Bits: (ParMarkBitMap*) 0x00007ffca37e58b0
 Begin Bits: [0x00000244ec5c0000, 0x00000244ed5c0000)
 End Bits:   [0x00000244ed5c0000, 0x00000244ee5c0000)

Polling page: 0x00000244d8990000

Metaspace:

Usage:
  Non-class:     84.51 MB used.
      Class:      9.39 MB used.
       Both:     93.90 MB used.

Virtual space:
  Non-class space:      128.00 MB reserved,      85.19 MB ( 67%) committed,  2 nodes.
      Class space:        1.00 GB reserved,       9.88 MB ( <1%) committed,  1 nodes.
             Both:        1.12 GB reserved,      95.06 MB (  8%) committed. 

Chunk freelists:
   Non-Class:  10.51 MB
       Class:  6.14 MB
        Both:  16.66 MB

MaxMetaspaceSize: unlimited
CompressedClassSpaceSize: 1.00 GB
Initial GC threshold: 21.00 MB
Current GC threshold: 158.25 MB
CDS: off
MetaspaceReclaimPolicy: balanced
 - commit_granule_bytes: 65536.
 - commit_granule_words: 8192.
 - virtual_space_node_default_size: 8388608.
 - enlarge_chunks_in_place: 1.
 - new_chunks_are_fully_committed: 0.
 - uncommit_free_chunks: 1.
 - use_allocation_guard: 0.
 - handle_deallocations: 1.


Internal statistics:

num_allocs_failed_limit: 9.
num_arena_births: 1140.
num_arena_deaths: 398.
num_vsnodes_births: 3.
num_vsnodes_deaths: 0.
num_space_committed: 1521.
num_space_uncommitted: 0.
num_chunks_returned_to_freelist: 464.
num_chunks_taken_from_freelist: 5300.
num_chunk_merges: 162.
num_chunk_splits: 3164.
num_chunks_enlarged: 1821.
num_inconsistent_stats: 0.

CodeHeap 'non-profiled nmethods': size=120064Kb used=21891Kb max_used=21891Kb free=98172Kb
 bounds [0x00000244e4b30000, 0x00000244e60a0000, 0x00000244ec070000]
CodeHeap 'profiled nmethods': size=120000Kb used=38410Kb max_used=39444Kb free=81589Kb
 bounds [0x00000244dd070000, 0x00000244df710000, 0x00000244e45a0000]
CodeHeap 'non-nmethods': size=5696Kb used=1461Kb max_used=1535Kb free=4235Kb
 bounds [0x00000244e45a0000, 0x00000244e4810000, 0x00000244e4b30000]
 total_blobs=18458 nmethods=17631 adapters=737
 compilation: enabled
              stopped_count=0, restarted_count=0
 full_count=0

Compilation events (20 events):
Event: 9094.643 Thread 0x00000244ee9524b0 24953       4       java.util.concurrent.ConcurrentHashMap::keySet (26 bytes)
Event: 9094.644 Thread 0x00000244ee9524b0 nmethod 24953 0x00000244e6090c90 code [0x00000244e6090e00, 0x00000244e6090e98]
Event: 9973.095 Thread 0x00000244ee9b5bc0 24954       3       java.util.logging.LogManager::demandLogger (53 bytes)
Event: 9973.097 Thread 0x00000244ee9b5bc0 nmethod 24954 0x00000244de192e90 code [0x00000244de1930a0, 0x00000244de1936d8]
Event: 10505.205 Thread 0x00000244ee9b5bc0 24955       3       org.eclipse.jdt.internal.codeassist.select.SelectionParser::dietParse (46 bytes)
Event: 10505.206 Thread 0x00000244ee9b5bc0 nmethod 24955 0x00000244debf0910 code [0x00000244debf0ac0, 0x00000244debf0da8]
Event: 10505.207 Thread 0x00000244ee9b5bc0 24956       3       org.eclipse.jdt.internal.codeassist.SelectionEngine::selectDeclaration (95 bytes)
Event: 10505.209 Thread 0x00000244ee9b5bc0 nmethod 24956 0x00000244de3f9a90 code [0x00000244de3f9c80, 0x00000244de3fa258]
Event: 10506.566 Thread 0x00000244ee9b5bc0 24957       3       org.eclipse.jdt.ls.core.internal.handlers.JDTLanguageServer$$Lambda$607/0x00000001007f5800::apply (16 bytes)
Event: 10506.567 Thread 0x00000244ee9b5bc0 nmethod 24957 0x00000244deea2090 code [0x00000244deea2240, 0x00000244deea2508]
Event: 10506.567 Thread 0x00000244ee9b5bc0 24958       3       org.eclipse.jdt.ls.core.internal.handlers.JDTLanguageServer::lambda$5 (7 bytes)
Event: 10506.567 Thread 0x00000244ee9b5bc0 nmethod 24958 0x00000244de916590 code [0x00000244de916740, 0x00000244de916868]
Event: 10506.570 Thread 0x00000244ee9b5bc0 24959       3       org.eclipse.lsp4j.Hover::<init> (5 bytes)
Event: 10506.571 Thread 0x00000244ee9b5bc0 nmethod 24959 0x00000244df146790 code [0x00000244df146920, 0x00000244df146a78]
Event: 10506.571 Thread 0x00000244ee9b5bc0 24960       3       org.eclipse.lsp4j.Hover::setContents (26 bytes)
Event: 10506.572 Thread 0x00000244ee9b5bc0 nmethod 24960 0x00000244de499e90 code [0x00000244de49a080, 0x00000244de49a5b8]
Event: 10512.339 Thread 0x00000244ee9b5bc0 24961       3       org.eclipse.jdt.internal.core.util.BindingKeyParser$Scanner::getTokenSource (30 bytes)
Event: 10512.340 Thread 0x00000244ee9b5bc0 nmethod 24961 0x00000244de3b9d90 code [0x00000244de3b9f40, 0x00000244de3ba1a8]
Event: 10512.407 Thread 0x00000244ee9b5bc0 24962       3       org.eclipse.jdt.internal.compiler.lookup.MethodScope::checkAndSetModifiersForConstructor (387 bytes)
Event: 10512.411 Thread 0x00000244ee9b5bc0 nmethod 24962 0x00000244de996790 code [0x00000244de996aa0, 0x00000244de998698]

GC Heap History (20 events):
Event: 10507.898 GC heap after
{Heap after GC invocations=5463 (full 55):
 PSYoungGen      total 1536K, used 288K [0x00000000eab00000, 0x00000000eae80000, 0x0000000100000000)
  eden space 1024K, 0% used [0x00000000eab00000,0x00000000eab00000,0x00000000eac00000)
  from space 512K, 56% used [0x00000000eae00000,0x00000000eae48040,0x00000000eae80000)
  to   space 1024K, 0% used [0x00000000eac80000,0x00000000eac80000,0x00000000ead80000)
 ParOldGen       total 146432K, used 143147K [0x00000000c0000000, 0x00000000c8f00000, 0x00000000eab00000)
  object space 146432K, 97% used [0x00000000c0000000,0x00000000c8bcaf20,0x00000000c8f00000)
 Metaspace       used 96151K, committed 97344K, reserved 1179648K
  class space    used 9610K, committed 10112K, reserved 1048576K
}
Event: 10507.907 GC heap before
{Heap before GC invocations=5464 (full 55):
 PSYoungGen      total 1536K, used 1312K [0x00000000eab00000, 0x00000000eae80000, 0x0000000100000000)
  eden space 1024K, 100% used [0x00000000eab00000,0x00000000eac00000,0x00000000eac00000)
  from space 512K, 56% used [0x00000000eae00000,0x00000000eae48040,0x00000000eae80000)
  to   space 1024K, 0% used [0x00000000eac80000,0x00000000eac80000,0x00000000ead80000)
 ParOldGen       total 146432K, used 143147K [0x00000000c0000000, 0x00000000c8f00000, 0x00000000eab00000)
  object space 146432K, 97% used [0x00000000c0000000,0x00000000c8bcaf20,0x00000000c8f00000)
 Metaspace       used 96151K, committed 97344K, reserved 1179648K
  class space    used 9610K, committed 10112K, reserved 1048576K
}
Event: 10507.912 GC heap after
{Heap after GC invocations=5464 (full 55):
 PSYoungGen      total 2560K, used 1008K [0x00000000eab00000, 0x00000000eaf80000, 0x0000000100000000)
  eden space 1536K, 0% used [0x00000000eab00000,0x00000000eab00000,0x00000000eac80000)
  from space 1024K, 98% used [0x00000000eac80000,0x00000000ead7c310,0x00000000ead80000)
  to   space 1536K, 0% used [0x00000000eae00000,0x00000000eae00000,0x00000000eaf80000)
 ParOldGen       total 146432K, used 143299K [0x00000000c0000000, 0x00000000c8f00000, 0x00000000eab00000)
  object space 146432K, 97% used [0x00000000c0000000,0x00000000c8bf0f40,0x00000000c8f00000)
 Metaspace       used 96151K, committed 97344K, reserved 1179648K
  class space    used 9610K, committed 10112K, reserved 1048576K
}
Event: 10507.926 GC heap before
{Heap before GC invocations=5465 (full 55):
 PSYoungGen      total 2560K, used 2544K [0x00000000eab00000, 0x00000000eaf80000, 0x0000000100000000)
  eden space 1536K, 100% used [0x00000000eab00000,0x00000000eac80000,0x00000000eac80000)
  from space 1024K, 98% used [0x00000000eac80000,0x00000000ead7c310,0x00000000ead80000)
  to   space 1536K, 0% used [0x00000000eae00000,0x00000000eae00000,0x00000000eaf80000)
 ParOldGen       total 146432K, used 143299K [0x00000000c0000000, 0x00000000c8f00000, 0x00000000eab00000)
  object space 146432K, 97% used [0x00000000c0000000,0x00000000c8bf0f40,0x00000000c8f00000)
 Metaspace       used 96151K, committed 97344K, reserved 1179648K
  class space    used 9610K, committed 10112K, reserved 1048576K
}
Event: 10507.936 GC heap after
{Heap after GC invocations=5465 (full 55):
 PSYoungGen      total 2048K, used 1520K [0x00000000eab00000, 0x00000000eb300000, 0x0000000100000000)
  eden space 512K, 0% used [0x00000000eab00000,0x00000000eab00000,0x00000000eab80000)
  from space 1536K, 99% used [0x00000000eae00000,0x00000000eaf7c310,0x00000000eaf80000)
  to   space 2560K, 0% used [0x00000000eab80000,0x00000000eab80000,0x00000000eae00000)
 ParOldGen       total 146432K, used 144243K [0x00000000c0000000, 0x00000000c8f00000, 0x00000000eab00000)
  object space 146432K, 98% used [0x00000000c0000000,0x00000000c8cdcf40,0x00000000c8f00000)
 Metaspace       used 96151K, committed 97344K, reserved 1179648K
  class space    used 9610K, committed 10112K, reserved 1048576K
}
Event: 10507.942 GC heap before
{Heap before GC invocations=5466 (full 55):
 PSYoungGen      total 2048K, used 2032K [0x00000000eab00000, 0x00000000eb300000, 0x0000000100000000)
  eden space 512K, 99% used [0x00000000eab00000,0x00000000eab7ffc8,0x00000000eab80000)
  from space 1536K, 99% used [0x00000000eae00000,0x00000000eaf7c310,0x00000000eaf80000)
  to   space 2560K, 0% used [0x00000000eab80000,0x00000000eab80000,0x00000000eae00000)
 ParOldGen       total 146432K, used 144243K [0x00000000c0000000, 0x00000000c8f00000, 0x00000000eab00000)
  object space 146432K, 98% used [0x00000000c0000000,0x00000000c8cdcf40,0x00000000c8f00000)
 Metaspace       used 96151K, committed 97344K, reserved 1179648K
  class space    used 9610K, committed 10112K, reserved 1048576K
}
Event: 10507.948 GC heap after
{Heap after GC invocations=5466 (full 55):
 PSYoungGen      total 3072K, used 2000K [0x00000000eab00000, 0x00000000eb100000, 0x0000000100000000)
  eden space 512K, 0% used [0x00000000eab00000,0x00000000eab00000,0x00000000eab80000)
  from space 2560K, 78% used [0x00000000eab80000,0x00000000ead74310,0x00000000eae00000)
  to   space 2560K, 0% used [0x00000000eae80000,0x00000000eae80000,0x00000000eb100000)
 ParOldGen       total 146432K, used 144251K [0x00000000c0000000, 0x00000000c8f00000, 0x00000000eab00000)
  object space 146432K, 98% used [0x00000000c0000000,0x00000000c8cdef40,0x00000000c8f00000)
 Metaspace       used 96151K, committed 97344K, reserved 1179648K
  class space    used 9610K, committed 10112K, reserved 1048576K
}
Event: 10507.953 GC heap before
{Heap before GC invocations=5467 (full 55):
 PSYoungGen      total 3072K, used 2512K [0x00000000eab00000, 0x00000000eb100000, 0x0000000100000000)
  eden space 512K, 100% used [0x00000000eab00000,0x00000000eab80000,0x00000000eab80000)
  from space 2560K, 78% used [0x00000000eab80000,0x00000000ead74310,0x00000000eae00000)
  to   space 2560K, 0% used [0x00000000eae80000,0x00000000eae80000,0x00000000eb100000)
 ParOldGen       total 146432K, used 144251K [0x00000000c0000000, 0x00000000c8f00000, 0x00000000eab00000)
  object space 146432K, 98% used [0x00000000c0000000,0x00000000c8cdef40,0x00000000c8f00000)
 Metaspace       used 96151K, committed 97344K, reserved 1179648K
  class space    used 9610K, committed 10112K, reserved 1048576K
}
Event: 10507.961 GC heap after
{Heap after GC invocations=5467 (full 55):
 PSYoungGen      total 3584K, used 2384K [0x00000000eab00000, 0x00000000eb100000, 0x0000000100000000)
  eden space 1024K, 0% used [0x00000000eab00000,0x00000000eab00000,0x00000000eac00000)
  from space 2560K, 93% used [0x00000000eae80000,0x00000000eb0d42f0,0x00000000eb100000)
  to   space 2560K, 0% used [0x00000000eac00000,0x00000000eac00000,0x00000000eae80000)
 ParOldGen       total 146432K, used 144387K [0x00000000c0000000, 0x00000000c8f00000, 0x00000000eab00000)
  object space 146432K, 98% used [0x00000000c0000000,0x00000000c8d00f60,0x00000000c8f00000)
 Metaspace       used 96151K, committed 97344K, reserved 1179648K
  class space    used 9610K, committed 10112K, reserved 1048576K
}
Event: 10508.179 GC heap before
{Heap before GC invocations=5468 (full 55):
 PSYoungGen      total 3584K, used 3408K [0x00000000eab00000, 0x00000000eb100000, 0x0000000100000000)
  eden space 1024K, 100% used [0x00000000eab00000,0x00000000eac00000,0x00000000eac00000)
  from space 2560K, 93% used [0x00000000eae80000,0x00000000eb0d42f0,0x00000000eb100000)
  to   space 2560K, 0% used [0x00000000eac00000,0x00000000eac00000,0x00000000eae80000)
 ParOldGen       total 146432K, used 144387K [0x00000000c0000000, 0x00000000c8f00000, 0x00000000eab00000)
  object space 146432K, 98% used [0x00000000c0000000,0x00000000c8d00f60,0x00000000c8f00000)
 Metaspace       used 96151K, committed 97344K, reserved 1179648K
  class space    used 9610K, committed 10112K, reserved 1048576K
}
Event: 10508.185 GC heap after
{Heap after GC invocations=5468 (full 55):
 PSYoungGen      total 1536K, used 192K [0x00000000eab00000, 0x00000000eaf00000, 0x0000000100000000)
  eden space 1024K, 0% used [0x00000000eab00000,0x00000000eab00000,0x00000000eac00000)
  from space 512K, 37% used [0x00000000eac00000,0x00000000eac30020,0x00000000eac80000)
  to   space 1024K, 0% used [0x00000000eae00000,0x00000000eae00000,0x00000000eaf00000)
 ParOldGen       total 146432K, used 144395K [0x00000000c0000000, 0x00000000c8f00000, 0x00000000eab00000)
  object space 146432K, 98% used [0x00000000c0000000,0x00000000c8d02f60,0x00000000c8f00000)
 Metaspace       used 96151K, committed 97344K, reserved 1179648K
  class space    used 9610K, committed 10112K, reserved 1048576K
}
Event: 10512.328 GC heap before
{Heap before GC invocations=5469 (full 55):
 PSYoungGen      total 1536K, used 1216K [0x00000000eab00000, 0x00000000eaf00000, 0x0000000100000000)
  eden space 1024K, 100% used [0x00000000eab00000,0x00000000eac00000,0x00000000eac00000)
  from space 512K, 37% used [0x00000000eac00000,0x00000000eac30020,0x00000000eac80000)
  to   space 1024K, 0% used [0x00000000eae00000,0x00000000eae00000,0x00000000eaf00000)
 ParOldGen       total 146432K, used 144395K [0x00000000c0000000, 0x00000000c8f00000, 0x00000000eab00000)
  object space 146432K, 98% used [0x00000000c0000000,0x00000000c8d02f60,0x00000000c8f00000)
 Metaspace       used 96151K, committed 97344K, reserved 1179648K
  class space    used 9610K, committed 10112K, reserved 1048576K
}
Event: 10512.330 GC heap after
{Heap after GC invocations=5469 (full 55):
 PSYoungGen      total 2048K, used 160K [0x00000000eab00000, 0x00000000eae80000, 0x0000000100000000)
  eden space 1536K, 0% used [0x00000000eab00000,0x00000000eab00000,0x00000000eac80000)
  from space 512K, 31% used [0x00000000eae00000,0x00000000eae28020,0x00000000eae80000)
  to   space 512K, 0% used [0x00000000ead80000,0x00000000ead80000,0x00000000eae00000)
 ParOldGen       total 146432K, used 144403K [0x00000000c0000000, 0x00000000c8f00000, 0x00000000eab00000)
  object space 146432K, 98% used [0x00000000c0000000,0x00000000c8d04f60,0x00000000c8f00000)
 Metaspace       used 96151K, committed 97344K, reserved 1179648K
  class space    used 9610K, committed 10112K, reserved 1048576K
}
Event: 10512.358 GC heap before
{Heap before GC invocations=5470 (full 55):
 PSYoungGen      total 2048K, used 1692K [0x00000000eab00000, 0x00000000eae80000, 0x0000000100000000)
  eden space 1536K, 99% used [0x00000000eab00000,0x00000000eac7f1b0,0x00000000eac80000)
  from space 512K, 31% used [0x00000000eae00000,0x00000000eae28020,0x00000000eae80000)
  to   space 512K, 0% used [0x00000000ead80000,0x00000000ead80000,0x00000000eae00000)
 ParOldGen       total 146432K, used 145886K [0x00000000c0000000, 0x00000000c8f00000, 0x00000000eab00000)
  object space 146432K, 99% used [0x00000000c0000000,0x00000000c8e77bc0,0x00000000c8f00000)
 Metaspace       used 96152K, committed 97344K, reserved 1179648K
  class space    used 9610K, committed 10112K, reserved 1048576K
}
Event: 10512.363 GC heap after
{Heap after GC invocations=5470 (full 55):
 PSYoungGen      total 2560K, used 489K [0x00000000eab00000, 0x00000000eaf00000, 0x0000000100000000)
  eden space 2048K, 0% used [0x00000000eab00000,0x00000000eab00000,0x00000000ead00000)
  from space 512K, 95% used [0x00000000ead80000,0x00000000eadfa790,0x00000000eae00000)
  to   space 1024K, 0% used [0x00000000eae00000,0x00000000eae00000,0x00000000eaf00000)
 ParOldGen       total 146432K, used 145943K [0x00000000c0000000, 0x00000000c8f00000, 0x00000000eab00000)
  object space 146432K, 99% used [0x00000000c0000000,0x00000000c8e85c10,0x00000000c8f00000)
 Metaspace       used 96152K, committed 97344K, reserved 1179648K
  class space    used 9610K, committed 10112K, reserved 1048576K
}
Event: 10512.419 GC heap before
{Heap before GC invocations=5471 (full 55):
 PSYoungGen      total 2560K, used 2537K [0x00000000eab00000, 0x00000000eaf00000, 0x0000000100000000)
  eden space 2048K, 100% used [0x00000000eab00000,0x00000000ead00000,0x00000000ead00000)
  from space 512K, 95% used [0x00000000ead80000,0x00000000eadfa790,0x00000000eae00000)
  to   space 1024K, 0% used [0x00000000eae00000,0x00000000eae00000,0x00000000eaf00000)
 ParOldGen       total 146432K, used 145943K [0x00000000c0000000, 0x00000000c8f00000, 0x00000000eab00000)
  object space 146432K, 99% used [0x00000000c0000000,0x00000000c8e85c10,0x00000000c8f00000)
 Metaspace       used 96152K, committed 97344K, reserved 1179648K
  class space    used 9610K, committed 10112K, reserved 1048576K
}
Event: 10512.424 GC heap after
{Heap after GC invocations=5471 (full 55):
 PSYoungGen      total 2560K, used 192K [0x00000000eab00000, 0x00000000eae80000, 0x0000000100000000)
  eden space 2048K, 0% used [0x00000000eab00000,0x00000000eab00000,0x00000000ead00000)
  from space 512K, 37% used [0x00000000eae00000,0x00000000eae30000,0x00000000eae80000)
  to   space 512K, 0% used [0x00000000ead80000,0x00000000ead80000,0x00000000eae00000)
 ParOldGen       total 146432K, used 146023K [0x00000000c0000000, 0x00000000c8f00000, 0x00000000eab00000)
  object space 146432K, 99% used [0x00000000c0000000,0x00000000c8e99c30,0x00000000c8f00000)
 Metaspace       used 96152K, committed 97344K, reserved 1179648K
  class space    used 9610K, committed 10112K, reserved 1048576K
}
Event: 10512.438 GC heap before
{Heap before GC invocations=5472 (full 55):
 PSYoungGen      total 2560K, used 2234K [0x00000000eab00000, 0x00000000eae80000, 0x0000000100000000)
  eden space 2048K, 99% used [0x00000000eab00000,0x00000000eacfeb30,0x00000000ead00000)
  from space 512K, 37% used [0x00000000eae00000,0x00000000eae30000,0x00000000eae80000)
  to   space 512K, 0% used [0x00000000ead80000,0x00000000ead80000,0x00000000eae00000)
 ParOldGen       total 146432K, used 146023K [0x00000000c0000000, 0x00000000c8f00000, 0x00000000eab00000)
  object space 146432K, 99% used [0x00000000c0000000,0x00000000c8e99c30,0x00000000c8f00000)
 Metaspace       used 96152K, committed 97344K, reserved 1179648K
  class space    used 9610K, committed 10112K, reserved 1048576K
}
Event: 10512.442 GC heap after
{Heap after GC invocations=5472 (full 55):
 PSYoungGen      total 2560K, used 489K [0x00000000eab00000, 0x00000000eaf00000, 0x0000000100000000)
  eden space 2048K, 0% used [0x00000000eab00000,0x00000000eab00000,0x00000000ead00000)
  from space 512K, 95% used [0x00000000ead80000,0x00000000eadfa770,0x00000000eae00000)
  to   space 1024K, 0% used [0x00000000eae00000,0x00000000eae00000,0x00000000eaf00000)
 ParOldGen       total 147968K, used 147543K [0x00000000c0000000, 0x00000000c9080000, 0x00000000eab00000)
  object space 147968K, 99% used [0x00000000c0000000,0x00000000c9015d10,0x00000000c9080000)
 Metaspace       used 96152K, committed 97344K, reserved 1179648K
  class space    used 9610K, committed 10112K, reserved 1048576K
}
Event: 10512.442 GC heap before
{Heap before GC invocations=5473 (full 56):
 PSYoungGen      total 2560K, used 489K [0x00000000eab00000, 0x00000000eaf00000, 0x0000000100000000)
  eden space 2048K, 0% used [0x00000000eab00000,0x00000000eab00000,0x00000000ead00000)
  from space 512K, 95% used [0x00000000ead80000,0x00000000eadfa770,0x00000000eae00000)
  to   space 1024K, 0% used [0x00000000eae00000,0x00000000eae00000,0x00000000eaf00000)
 ParOldGen       total 147968K, used 147543K [0x00000000c0000000, 0x00000000c9080000, 0x00000000eab00000)
  object space 147968K, 99% used [0x00000000c0000000,0x00000000c9015d10,0x00000000c9080000)
 Metaspace       used 96152K, committed 97344K, reserved 1179648K
  class space    used 9610K, committed 10112K, reserved 1048576K
}

Dll operation events (14 events):
Event: 0.024 Loaded shared library c:\Users\PC\.vscode\extensions\redhat.java-1.34.0-win32-x64\jre\17.0.12-win32-x86_64\bin\java.dll
Event: 0.892 Loaded shared library c:\Users\PC\.vscode\extensions\redhat.java-1.34.0-win32-x64\jre\17.0.12-win32-x86_64\bin\zip.dll
Event: 0.900 Loaded shared library C:\Users\PC\.vscode\extensions\redhat.java-1.34.0-win32-x64\jre\17.0.12-win32-x86_64\bin\instrument.dll
Event: 0.931 Loaded shared library C:\Users\PC\.vscode\extensions\redhat.java-1.34.0-win32-x64\jre\17.0.12-win32-x86_64\bin\net.dll
Event: 0.935 Loaded shared library C:\Users\PC\.vscode\extensions\redhat.java-1.34.0-win32-x64\jre\17.0.12-win32-x86_64\bin\nio.dll
Event: 0.974 Loaded shared library C:\Users\PC\.vscode\extensions\redhat.java-1.34.0-win32-x64\jre\17.0.12-win32-x86_64\bin\zip.dll
Event: 1.117 Loaded shared library C:\Users\PC\.vscode\extensions\redhat.java-1.34.0-win32-x64\jre\17.0.12-win32-x86_64\bin\jimage.dll
Event: 1.605 Loaded shared library c:\Users\PC\.vscode\extensions\redhat.java-1.34.0-win32-x64\jre\17.0.12-win32-x86_64\bin\verify.dll
Event: 9.127 Loaded shared library C:\Users\PC\AppData\Roaming\Code\User\globalStorage\redhat.java\1.34.0\config_win\org.eclipse.equinox.launcher\org.eclipse.equinox.launcher.win32.win32.x86_64_1.2.1100.v20240722-2106\eclipse_11904.dll
Event: 16.821 Loaded shared library C:\Users\PC\.vscode\extensions\redhat.java-1.34.0-win32-x64\jre\17.0.12-win32-x86_64\bin\management.dll
Event: 16.828 Loaded shared library C:\Users\PC\.vscode\extensions\redhat.java-1.34.0-win32-x64\jre\17.0.12-win32-x86_64\bin\management_ext.dll
Event: 35.708 Loaded shared library C:\Users\PC\AppData\Local\Temp\jna-2547\jna13021334998803490503.dll
Event: 48.087 Loaded shared library C:\Users\PC\.vscode\extensions\redhat.java-1.34.0-win32-x64\jre\17.0.12-win32-x86_64\bin\sunmscapi.dll
Event: 48.771 Loaded shared library C:\Users\PC\.vscode\extensions\redhat.java-1.34.0-win32-x64\jre\17.0.12-win32-x86_64\bin\extnet.dll

Deoptimization events (20 events):
Event: 8249.287 Thread 0x00000244f5371780 DEOPT PACKING pc=0x00000244e568ab64 sp=0x000000dbe33febe0
Event: 8249.287 Thread 0x00000244f5371780 DEOPT UNPACKING pc=0x00000244e45f66a3 sp=0x000000dbe33febb0 mode 2
Event: 8250.665 Thread 0x00000244f36688c0 Uncommon trap: trap_request=0xffffffde fr.pc=0x00000244e4e6dce8 relative=0x00000000000001c8
Event: 8250.665 Thread 0x00000244f36688c0 Uncommon trap: reason=class_check action=maybe_recompile pc=0x00000244e4e6dce8 method=java.util.stream.IntPipeline$1$1.accept(I)V @ 12 c2
Event: 8250.665 Thread 0x00000244f36688c0 DEOPT PACKING pc=0x00000244e4e6dce8 sp=0x000000dbe44fe430
Event: 8250.665 Thread 0x00000244f36688c0 DEOPT UNPACKING pc=0x00000244e45f66a3 sp=0x000000dbe44fe3d0 mode 2
Event: 8250.666 Thread 0x00000244f36688c0 Uncommon trap: trap_request=0xffffffde fr.pc=0x00000244e4e6dce8 relative=0x00000000000001c8
Event: 8250.666 Thread 0x00000244f36688c0 Uncommon trap: reason=class_check action=maybe_recompile pc=0x00000244e4e6dce8 method=java.util.stream.IntPipeline$1$1.accept(I)V @ 12 c2
Event: 8250.666 Thread 0x00000244f36688c0 DEOPT PACKING pc=0x00000244e4e6dce8 sp=0x000000dbe44fe430
Event: 8250.666 Thread 0x00000244f36688c0 DEOPT UNPACKING pc=0x00000244e45f66a3 sp=0x000000dbe44fe3d0 mode 2
Event: 8269.382 Thread 0x00000244f36632b0 Uncommon trap: trap_request=0xffffffde fr.pc=0x00000244e5a8cdb8 relative=0x00000000000005d8
Event: 8269.382 Thread 0x00000244f36632b0 Uncommon trap: reason=class_check action=maybe_recompile pc=0x00000244e5a8cdb8 method=java.lang.ThreadLocal.set(Ljava/lang/Object;)V @ 26 c2
Event: 8269.382 Thread 0x00000244f36632b0 DEOPT PACKING pc=0x00000244e5a8cdb8 sp=0x000000dbe34ff250
Event: 8269.382 Thread 0x00000244f36632b0 DEOPT UNPACKING pc=0x00000244e45f66a3 sp=0x000000dbe34ff1f0 mode 2
Event: 8270.486 Thread 0x00000244f36688c0 DEOPT PACKING pc=0x00000244de8aee73 sp=0x000000dbe44fe4f0
Event: 8270.486 Thread 0x00000244f36688c0 DEOPT UNPACKING pc=0x00000244e45f6e43 sp=0x000000dbe44fda30 mode 0
Event: 8274.267 Thread 0x00000244f3666550 DEOPT PACKING pc=0x00000244de8aee73 sp=0x000000dbe45fe740
Event: 8274.267 Thread 0x00000244f3666550 DEOPT UNPACKING pc=0x00000244e45f6e43 sp=0x000000dbe45fdc80 mode 0
Event: 8352.072 Thread 0x00000244f402bea0 DEOPT PACKING pc=0x00000244df5388ca sp=0x000000dbe33feca0
Event: 8352.072 Thread 0x00000244f402bea0 DEOPT UNPACKING pc=0x00000244e45f6e43 sp=0x000000dbe33fe128 mode 0

Classes loaded (20 events):
Event: 2650.134 Loading class java/lang/ProcessHandleImpl$ExitCompletion
Event: 2650.134 Loading class java/lang/ProcessHandleImpl$ExitCompletion done
Event: 2650.134 Loading class java/lang/ProcessHandleImpl$1
Event: 2650.135 Loading class java/lang/ProcessHandleImpl$1 done
Event: 2650.136 Loading class java/util/concurrent/CompletableFuture$UniHandle
Event: 2650.137 Loading class java/util/concurrent/CompletableFuture$UniHandle done
Event: 3323.393 Loading class java/lang/StringLatin1$LinesSpliterator
Event: 3323.393 Loading class java/lang/StringLatin1$LinesSpliterator done
Event: 5721.554 Loading class sun/net/www/protocol/http/HttpURLConnection$10
Event: 5721.555 Loading class sun/net/www/protocol/http/HttpURLConnection$10 done
Event: 5721.834 Loading class sun/net/www/http/KeepAliveCleanerEntry
Event: 5721.836 Loading class sun/net/www/http/KeepAliveCleanerEntry done
Event: 5721.836 Loading class sun/net/www/http/KeepAliveStream$1
Event: 5721.836 Loading class sun/net/www/http/KeepAliveStream$1 done
Event: 5721.838 Loading class sun/net/www/http/ChunkedInputStream
Event: 5721.840 Loading class sun/net/www/http/ChunkedInputStream done
Event: 5734.939 Loading class java/util/stream/ReferencePipeline$15
Event: 5734.944 Loading class java/util/stream/ReferencePipeline$15 done
Event: 5734.949 Loading class java/util/stream/ReferencePipeline$15$1
Event: 5734.949 Loading class java/util/stream/ReferencePipeline$15$1 done

Classes unloaded (20 events):
Event: 7162.582 Thread 0x00000244ee913e60 Unloading class 0x00000001002f3800 'java/lang/invoke/LambdaForm$MH+0x00000001002f3800'
Event: 7162.582 Thread 0x00000244ee913e60 Unloading class 0x00000001002d7000 'java/lang/invoke/LambdaForm$MH+0x00000001002d7000'
Event: 10512.710 Thread 0x00000244ee913e60 Unloading class 0x0000000100198800 'jdk/internal/reflect/GeneratedMethodAccessor44'
Event: 10512.710 Thread 0x00000244ee913e60 Unloading class 0x0000000100199000 'java/lang/invoke/LambdaForm$MH+0x0000000100199000'
Event: 10512.710 Thread 0x00000244ee913e60 Unloading class 0x000000010021dc00 'java/lang/invoke/LambdaForm$MH+0x000000010021dc00'
Event: 10512.710 Thread 0x00000244ee913e60 Unloading class 0x000000010021d800 'java/lang/invoke/LambdaForm$MH+0x000000010021d800'
Event: 10512.710 Thread 0x00000244ee913e60 Unloading class 0x000000010021e400 'java/lang/invoke/LambdaForm$MH+0x000000010021e400'
Event: 10512.710 Thread 0x00000244ee913e60 Unloading class 0x000000010021e000 'java/lang/invoke/LambdaForm$MH+0x000000010021e000'
Event: 10512.710 Thread 0x00000244ee913e60 Unloading class 0x000000010021c000 'jdk/internal/reflect/GeneratedConstructorAccessor68'
Event: 10512.710 Thread 0x00000244ee913e60 Unloading class 0x00000001002f5400 'java/lang/invoke/LambdaForm$MH+0x00000001002f5400'
Event: 10512.710 Thread 0x00000244ee913e60 Unloading class 0x00000001002f5c00 'java/lang/invoke/LambdaForm$MH+0x00000001002f5c00'
Event: 10512.710 Thread 0x00000244ee913e60 Unloading class 0x0000000100964800 'java/lang/invoke/LambdaForm$MH+0x0000000100964800'
Event: 10512.710 Thread 0x00000244ee913e60 Unloading class 0x0000000100260800 'java/lang/invoke/LambdaForm$MH+0x0000000100260800'
Event: 10512.710 Thread 0x00000244ee913e60 Unloading class 0x000000010025d400 'jdk/internal/reflect/GeneratedSerializationConstructorAccessor12'
Event: 10512.710 Thread 0x00000244ee913e60 Unloading class 0x0000000100199c00 'jdk/internal/reflect/GeneratedSerializationConstructorAccessor11'
Event: 10512.710 Thread 0x00000244ee913e60 Unloading class 0x0000000100198000 'jdk/internal/reflect/GeneratedSerializationConstructorAccessor10'
Event: 10512.710 Thread 0x00000244ee913e60 Unloading class 0x0000000100245c00 'jdk/internal/reflect/GeneratedConstructorAccessor66'
Event: 10512.710 Thread 0x00000244ee913e60 Unloading class 0x0000000100665000 'jdk/internal/reflect/GeneratedConstructorAccessor65'
Event: 10512.710 Thread 0x00000244ee913e60 Unloading class 0x0000000100951800 'jdk/internal/reflect/GeneratedConstructorAccessor62'
Event: 10512.710 Thread 0x00000244ee913e60 Unloading class 0x0000000100303800 'jdk/internal/reflect/GeneratedConstructorAccessor59'

Classes redefined (0 events):
No events

Internal exceptions (20 events):
Event: 8248.771 Thread 0x00000244f5371780 Exception <a 'sun/nio/fs/WindowsException'{0x00000000eab33c08}> (0x00000000eab33c08) 
thrown [s\src\hotspot\share\prims\jni.cpp, line 516]
Event: 8248.772 Thread 0x00000244f5371780 Exception <a 'sun/nio/fs/WindowsException'{0x00000000eab34240}> (0x00000000eab34240) 
thrown [s\src\hotspot\share\prims\jni.cpp, line 516]
Event: 8268.539 Thread 0x00000244f3664c00 Exception <a 'sun/nio/fs/WindowsException'{0x00000000eadc0b80}> (0x00000000eadc0b80) 
thrown [s\src\hotspot\share\prims\jni.cpp, line 516]
Event: 8268.539 Thread 0x00000244f3664c00 Exception <a 'sun/nio/fs/WindowsException'{0x00000000eadc11d8}> (0x00000000eadc11d8) 
thrown [s\src\hotspot\share\prims\jni.cpp, line 516]
Event: 8268.568 Thread 0x00000244f3664c00 Exception <a 'sun/nio/fs/WindowsException'{0x00000000eadc1e60}> (0x00000000eadc1e60) 
thrown [s\src\hotspot\share\prims\jni.cpp, line 516]
Event: 8268.569 Thread 0x00000244f3664c00 Exception <a 'sun/nio/fs/WindowsException'{0x00000000eadc2498}> (0x00000000eadc2498) 
thrown [s\src\hotspot\share\prims\jni.cpp, line 516]
Event: 8268.570 Thread 0x00000244f3664c00 Exception <a 'sun/nio/fs/WindowsException'{0x00000000eadc3a80}> (0x00000000eadc3a80) 
thrown [s\src\hotspot\share\prims\jni.cpp, line 516]
Event: 8268.570 Thread 0x00000244f3664c00 Exception <a 'sun/nio/fs/WindowsException'{0x00000000eadc40b8}> (0x00000000eadc40b8) 
thrown [s\src\hotspot\share\prims\jni.cpp, line 516]
Event: 9035.306 Thread 0x00000244f402bea0 Exception <a 'sun/nio/fs/WindowsException'{0x00000000eabd5710}> (0x00000000eabd5710) 
thrown [s\src\hotspot\share\prims\jni.cpp, line 516]
Event: 9035.306 Thread 0x00000244f402bea0 Exception <a 'sun/nio/fs/WindowsException'{0x00000000eabd5d68}> (0x00000000eabd5d68) 
thrown [s\src\hotspot\share\prims\jni.cpp, line 516]
Event: 9035.308 Thread 0x00000244f402bea0 Exception <a 'sun/nio/fs/WindowsException'{0x00000000eabd69f0}> (0x00000000eabd69f0) 
thrown [s\src\hotspot\share\prims\jni.cpp, line 516]
Event: 9035.308 Thread 0x00000244f402bea0 Exception <a 'sun/nio/fs/WindowsException'{0x00000000eabd7270}> (0x00000000eabd7270) 
thrown [s\src\hotspot\share\prims\jni.cpp, line 516]
Event: 9035.309 Thread 0x00000244f402bea0 Exception <a 'sun/nio/fs/WindowsException'{0x00000000eabd8600}> (0x00000000eabd8600) 
thrown [s\src\hotspot\share\prims\jni.cpp, line 516]
Event: 9035.310 Thread 0x00000244f402bea0 Exception <a 'sun/nio/fs/WindowsException'{0x00000000eabd8c38}> (0x00000000eabd8c38) 
thrown [s\src\hotspot\share\prims\jni.cpp, line 516]
Event: 9046.512 Thread 0x00000244f36632b0 Exception <a 'sun/nio/fs/WindowsException'{0x00000000eab65058}> (0x00000000eab65058) 
thrown [s\src\hotspot\share\prims\jni.cpp, line 516]
Event: 9046.512 Thread 0x00000244f36632b0 Exception <a 'sun/nio/fs/WindowsException'{0x00000000eab656b0}> (0x00000000eab656b0) 
thrown [s\src\hotspot\share\prims\jni.cpp, line 516]
Event: 9046.518 Thread 0x00000244f36632b0 Exception <a 'sun/nio/fs/WindowsException'{0x00000000eab665a0}> (0x00000000eab665a0) 
thrown [s\src\hotspot\share\prims\jni.cpp, line 516]
Event: 9046.519 Thread 0x00000244f36632b0 Exception <a 'sun/nio/fs/WindowsException'{0x00000000eab66bd8}> (0x00000000eab66bd8) 
thrown [s\src\hotspot\share\prims\jni.cpp, line 516]
Event: 9046.520 Thread 0x00000244f36632b0 Exception <a 'sun/nio/fs/WindowsException'{0x00000000eab681c8}> (0x00000000eab681c8) 
thrown [s\src\hotspot\share\prims\jni.cpp, line 516]
Event: 9046.520 Thread 0x00000244f36632b0 Exception <a 'sun/nio/fs/WindowsException'{0x00000000eab68800}> (0x00000000eab68800) 
thrown [s\src\hotspot\share\prims\jni.cpp, line 516]

VM Operations (20 events):
Event: 10507.898 Executing VM operation: ParallelGCFailedAllocation done
Event: 10507.907 Executing VM operation: ParallelGCFailedAllocation
Event: 10507.912 Executing VM operation: ParallelGCFailedAllocation done
Event: 10507.926 Executing VM operation: ParallelGCFailedAllocation
Event: 10507.936 Executing VM operation: ParallelGCFailedAllocation done
Event: 10507.942 Executing VM operation: ParallelGCFailedAllocation
Event: 10507.948 Executing VM operation: ParallelGCFailedAllocation done
Event: 10507.953 Executing VM operation: ParallelGCFailedAllocation
Event: 10507.961 Executing VM operation: ParallelGCFailedAllocation done
Event: 10508.179 Executing VM operation: ParallelGCFailedAllocation
Event: 10508.185 Executing VM operation: ParallelGCFailedAllocation done
Event: 10510.181 Executing VM operation: Cleanup
Event: 10510.181 Executing VM operation: Cleanup done
Event: 10512.328 Executing VM operation: ParallelGCFailedAllocation
Event: 10512.330 Executing VM operation: ParallelGCFailedAllocation done
Event: 10512.358 Executing VM operation: ParallelGCFailedAllocation
Event: 10512.363 Executing VM operation: ParallelGCFailedAllocation done
Event: 10512.419 Executing VM operation: ParallelGCFailedAllocation
Event: 10512.424 Executing VM operation: ParallelGCFailedAllocation done
Event: 10512.438 Executing VM operation: ParallelGCFailedAllocation

Events (20 events):
Event: 10505.176 Thread 0x00000244f36632b0 Thread added: 0x00000244f36632b0
Event: 10505.192 Thread 0x00000244f36632b0 Thread exited: 0x00000244f36632b0
Event: 10505.194 Thread 0x00000244f36646f0 Thread added: 0x00000244f36646f0
Event: 10505.213 Thread 0x00000244f36646f0 Thread exited: 0x00000244f36646f0
Event: 10506.164 Thread 0x00000244f36632b0 Thread added: 0x00000244f36632b0
Event: 10506.167 Thread 0x00000244f36632b0 Thread exited: 0x00000244f36632b0
Event: 10506.565 Thread 0x00000244f36632b0 Thread added: 0x00000244f36632b0
Event: 10506.571 Thread 0x00000244f36632b0 Thread exited: 0x00000244f36632b0
Event: 10506.573 Thread 0x00000244f3666550 Thread added: 0x00000244f3666550
Event: 10506.577 Thread 0x00000244f3666550 Thread exited: 0x00000244f3666550
Event: 10507.813 Thread 0x00000244f3664c00 Thread added: 0x00000244f3664c00
Event: 10507.832 Thread 0x00000244f3667ea0 Thread added: 0x00000244f3667ea0
Event: 10507.967 Thread 0x00000244f3664c00 Thread exited: 0x00000244f3664c00
Event: 10508.165 Thread 0x00000244f3666550 Thread added: 0x00000244f3666550
Event: 10508.200 Thread 0x00000244f3666550 Thread exited: 0x00000244f3666550
Event: 10508.204 Thread 0x00000244f36632b0 Thread added: 0x00000244f36632b0
Event: 10508.228 Thread 0x00000244f36632b0 Thread exited: 0x00000244f36632b0
Event: 10511.820 Thread 0x00000244f36646f0 Thread added: 0x00000244f36646f0
Event: 10511.840 Thread 0x00000244f36646f0 Thread exited: 0x00000244f36646f0
Event: 10512.320 Thread 0x00000244f36632b0 Thread added: 0x00000244f36632b0


Dynamic libraries:
0x00007ff68df30000 - 0x00007ff68df3e000 	c:\Users\PC\.vscode\extensions\redhat.java-1.34.0-win32-x64\jre\17.0.12-win32-x86_64\bin\java.exe
0x00007ffce2d90000 - 0x00007ffce2f88000 	C:\Windows\SYSTEM32\ntdll.dll
0x00007ffce25b0000 - 0x00007ffce2671000 	C:\Windows\System32\KERNEL32.DLL
0x00007ffce07c0000 - 0x00007ffce0abd000 	C:\Windows\System32\KERNELBASE.dll
0x00007ffce0af0000 - 0x00007ffce0bf0000 	C:\Windows\System32\ucrtbase.dll
0x00007ffcd6980000 - 0x00007ffcd6997000 	c:\Users\PC\.vscode\extensions\redhat.java-1.34.0-win32-x64\jre\17.0.12-win32-x86_64\bin\jli.dll
0x00007ffce0e20000 - 0x00007ffce0fbd000 	C:\Windows\System32\USER32.dll
0x00007ffce0ac0000 - 0x00007ffce0ae2000 	C:\Windows\System32\win32u.dll
0x00007ffce13d0000 - 0x00007ffce13fb000 	C:\Windows\System32\GDI32.dll
0x00007ffce06a0000 - 0x00007ffce07b7000 	C:\Windows\System32\gdi32full.dll
0x00007ffce0bf0000 - 0x00007ffce0c8d000 	C:\Windows\System32\msvcp_win.dll
0x00007ffcd6920000 - 0x00007ffcd693b000 	c:\Users\PC\.vscode\extensions\redhat.java-1.34.0-win32-x64\jre\17.0.12-win32-x86_64\bin\VCRUNTIME140.dll
0x00007ffcd1650000 - 0x00007ffcd18ea000 	C:\Windows\WinSxS\amd64_microsoft.windows.common-controls_6595b64144ccf1df_6.0.19041.4355_none_60b8b9eb71f62e16\COMCTL32.dll
0x00007ffce2980000 - 0x00007ffce2a1e000 	C:\Windows\System32\msvcrt.dll
0x00007ffce2520000 - 0x00007ffce254f000 	C:\Windows\System32\IMM32.DLL
0x00007ffcdaa00000 - 0x00007ffcdaa0c000 	c:\Users\PC\.vscode\extensions\redhat.java-1.34.0-win32-x64\jre\17.0.12-win32-x86_64\bin\vcruntime140_1.dll
0x00007ffcc72f0000 - 0x00007ffcc737d000 	c:\Users\PC\.vscode\extensions\redhat.java-1.34.0-win32-x64\jre\17.0.12-win32-x86_64\bin\msvcp140.dll
0x00007ffca2c40000 - 0x00007ffca38aa000 	c:\Users\PC\.vscode\extensions\redhat.java-1.34.0-win32-x64\jre\17.0.12-win32-x86_64\bin\server\jvm.dll
0x00007ffce2b40000 - 0x00007ffce2bf0000 	C:\Windows\System32\ADVAPI32.dll
0x00007ffce2aa0000 - 0x00007ffce2b40000 	C:\Windows\System32\sechost.dll
0x00007ffce2730000 - 0x00007ffce2853000 	C:\Windows\System32\RPCRT4.dll
0x00007ffce0c90000 - 0x00007ffce0cb7000 	C:\Windows\System32\bcrypt.dll
0x00007ffce2370000 - 0x00007ffce23db000 	C:\Windows\System32\WS2_32.dll
0x00007ffce01e0000 - 0x00007ffce022b000 	C:\Windows\SYSTEM32\POWRPROF.dll
0x00007ffcd6bb0000 - 0x00007ffcd6bd7000 	C:\Windows\SYSTEM32\WINMM.dll
0x00007ffcd6ba0000 - 0x00007ffcd6baa000 	C:\Windows\SYSTEM32\VERSION.dll
0x00007ffce01c0000 - 0x00007ffce01d2000 	C:\Windows\SYSTEM32\UMPDC.dll
0x00007ffcde1e0000 - 0x00007ffcde1f2000 	C:\Windows\SYSTEM32\kernel.appcore.dll
0x00007ffcd8be0000 - 0x00007ffcd8bea000 	c:\Users\PC\.vscode\extensions\redhat.java-1.34.0-win32-x64\jre\17.0.12-win32-x86_64\bin\jimage.dll
0x00007ffccf180000 - 0x00007ffccf364000 	C:\Windows\SYSTEM32\DBGHELP.DLL
0x00007ffccf140000 - 0x00007ffccf174000 	C:\Windows\SYSTEM32\dbgcore.DLL
0x00007ffce0cc0000 - 0x00007ffce0d42000 	C:\Windows\System32\bcryptPrimitives.dll
0x00007ffcd7740000 - 0x00007ffcd774e000 	c:\Users\PC\.vscode\extensions\redhat.java-1.34.0-win32-x64\jre\17.0.12-win32-x86_64\bin\instrument.dll
0x00007ffccb480000 - 0x00007ffccb4a5000 	c:\Users\PC\.vscode\extensions\redhat.java-1.34.0-win32-x64\jre\17.0.12-win32-x86_64\bin\java.dll
0x00007ffcd2210000 - 0x00007ffcd2228000 	c:\Users\PC\.vscode\extensions\redhat.java-1.34.0-win32-x64\jre\17.0.12-win32-x86_64\bin\zip.dll
0x00007ffce1690000 - 0x00007ffce1dff000 	C:\Windows\System32\SHELL32.dll
0x00007ffcde4c0000 - 0x00007ffcdec5f000 	C:\Windows\SYSTEM32\windows.storage.dll
0x00007ffce0fc0000 - 0x00007ffce1313000 	C:\Windows\System32\combase.dll
0x00007ffcdfdf0000 - 0x00007ffcdfe1e000 	C:\Windows\SYSTEM32\Wldp.dll
0x00007ffce2c60000 - 0x00007ffce2d2d000 	C:\Windows\System32\OLEAUT32.dll
0x00007ffce1320000 - 0x00007ffce13cd000 	C:\Windows\System32\SHCORE.dll
0x00007ffce2550000 - 0x00007ffce25a5000 	C:\Windows\System32\shlwapi.dll
0x00007ffce0370000 - 0x00007ffce0394000 	C:\Windows\SYSTEM32\profapi.dll
0x00007ffcd1a20000 - 0x00007ffcd1a39000 	C:\Users\PC\.vscode\extensions\redhat.java-1.34.0-win32-x64\jre\17.0.12-win32-x86_64\bin\net.dll
0x00007ffcd1f70000 - 0x00007ffcd207d000 	C:\Windows\SYSTEM32\WINHTTP.dll
0x00007ffcdfb50000 - 0x00007ffcdfbba000 	C:\Windows\system32\mswsock.dll
0x00007ffccfac0000 - 0x00007ffccfad6000 	C:\Users\PC\.vscode\extensions\redhat.java-1.34.0-win32-x64\jre\17.0.12-win32-x86_64\bin\nio.dll
0x00007ffcd67f0000 - 0x00007ffcd6800000 	c:\Users\PC\.vscode\extensions\redhat.java-1.34.0-win32-x64\jre\17.0.12-win32-x86_64\bin\verify.dll
0x00007ffcc8d60000 - 0x00007ffcc8da5000 	C:\Users\PC\AppData\Roaming\Code\User\globalStorage\redhat.java\1.34.0\config_win\org.eclipse.equinox.launcher\org.eclipse.equinox.launcher.win32.win32.x86_64_1.2.1100.v20240722-2106\eclipse_11904.dll
0x00007ffce23f0000 - 0x00007ffce251b000 	C:\Windows\System32\ole32.dll
0x00007ffcd6780000 - 0x00007ffcd6789000 	C:\Users\PC\.vscode\extensions\redhat.java-1.34.0-win32-x64\jre\17.0.12-win32-x86_64\bin\management.dll
0x00007ffcd5850000 - 0x00007ffcd585b000 	C:\Users\PC\.vscode\extensions\redhat.java-1.34.0-win32-x64\jre\17.0.12-win32-x86_64\bin\management_ext.dll
0x00007ffce2bf0000 - 0x00007ffce2bf8000 	C:\Windows\System32\PSAPI.DLL
0x00007ffcdfd50000 - 0x00007ffcdfd68000 	C:\Windows\SYSTEM32\CRYPTSP.dll
0x00007ffcdf410000 - 0x00007ffcdf444000 	C:\Windows\system32\rsaenh.dll
0x00007ffce02e0000 - 0x00007ffce030e000 	C:\Windows\SYSTEM32\USERENV.dll
0x00007ffcdfd40000 - 0x00007ffcdfd4c000 	C:\Windows\SYSTEM32\CRYPTBASE.dll
0x00007ffcdf7d0000 - 0x00007ffcdf80b000 	C:\Windows\SYSTEM32\IPHLPAPI.DLL
0x00007ffce23e0000 - 0x00007ffce23e8000 	C:\Windows\System32\NSI.dll
0x00007ffcd1090000 - 0x00007ffcd10a7000 	C:\Windows\SYSTEM32\dhcpcsvc6.DLL
0x00007ffcd1cd0000 - 0x00007ffcd1ced000 	C:\Windows\SYSTEM32\dhcpcsvc.DLL
0x00007ffcdf810000 - 0x00007ffcdf8da000 	C:\Windows\SYSTEM32\DNSAPI.dll
0x00007ffcc6a30000 - 0x00007ffcc6a75000 	C:\Users\PC\AppData\Local\Temp\jna-2547\jna13021334998803490503.dll
0x00007ffcdaa90000 - 0x00007ffcdaa9e000 	C:\Users\PC\.vscode\extensions\redhat.java-1.34.0-win32-x64\jre\17.0.12-win32-x86_64\bin\sunmscapi.dll
0x00007ffce0540000 - 0x00007ffce069e000 	C:\Windows\System32\CRYPT32.dll
0x00007ffcdfe60000 - 0x00007ffcdfe89000 	C:\Windows\SYSTEM32\ncrypt.dll
0x00007ffcdfe20000 - 0x00007ffcdfe5b000 	C:\Windows\SYSTEM32\NTASN1.dll
0x00007ffcd7f30000 - 0x00007ffcd7f3a000 	C:\Windows\System32\rasadhlp.dll
0x00007ffcc7ce0000 - 0x00007ffcc7d60000 	C:\Windows\System32\fwpuclnt.dll
0x00007ffcd1ed0000 - 0x00007ffcd1ed9000 	C:\Users\PC\.vscode\extensions\redhat.java-1.34.0-win32-x64\jre\17.0.12-win32-x86_64\bin\extnet.dll

dbghelp: loaded successfully - version: 4.0.5 - missing functions: none
symbol engine: initialized successfully - sym options: 0x614 - pdb path: .;c:\Users\PC\.vscode\extensions\redhat.java-1.34.0-win32-x64\jre\17.0.12-win32-x86_64\bin;C:\Windows\SYSTEM32;C:\Windows\WinSxS\amd64_microsoft.windows.common-controls_6595b64144ccf1df_6.0.19041.4355_none_60b8b9eb71f62e16;c:\Users\PC\.vscode\extensions\redhat.java-1.34.0-win32-x64\jre\17.0.12-win32-x86_64\bin\server;C:\Users\PC\AppData\Roaming\Code\User\globalStorage\redhat.java\1.34.0\config_win\org.eclipse.equinox.launcher\org.eclipse.equinox.launcher.win32.win32.x86_64_1.2.1100.v20240722-2106;C:\Users\PC\AppData\Local\Temp\jna-2547

VM Arguments:
jvm_args: --add-modules=ALL-SYSTEM --add-opens=java.base/java.util=ALL-UNNAMED --add-opens=java.base/java.lang=ALL-UNNAMED --add-opens=java.base/sun.nio.fs=ALL-UNNAMED -Declipse.application=org.eclipse.jdt.ls.core.id1 -Dosgi.bundles.defaultStartLevel=4 -Declipse.product=org.eclipse.jdt.ls.core.product -Djava.import.generatesMetadataFilesAtProjectRoot=false -DDetectVMInstallationsJob.disabled=true -Dfile.encoding=utf8 -XX:+UseParallelGC -XX:GCTimeRatio=4 -XX:AdaptiveSizePolicyWeight=90 -Dsun.zip.disableMemoryMapping=true -Xmx1G -Xms100m -Xlog:disable -javaagent:c:\Users\PC\.vscode\extensions\redhat.java-1.34.0-win32-x64\lombok\lombok-1.18.33.jar -XX:+HeapDumpOnOutOfMemoryError -XX:HeapDumpPath=c:\Users\PC\AppData\Roaming\Code\User\workspaceStorage\2ed185460210b7a3b5d86725ba3f0350\redhat.java -Daether.dependencyCollector.impl=bf 
java_command: c:\Users\PC\.vscode\extensions\redhat.java-1.34.0-win32-x64\server\plugins\org.eclipse.equinox.launcher_1.6.900.v20240613-2009.jar -configuration c:\Users\PC\AppData\Roaming\Code\User\globalStorage\redhat.java\1.34.0\config_win -data c:\Users\PC\AppData\Roaming\Code\User\workspaceStorage\2ed185460210b7a3b5d86725ba3f0350\redhat.java\jdt_ws --pipe=\\.\pipe\lsp-06d083c451fc7f765beef920736ebf20-sock
java_class_path (initial): c:\Users\PC\.vscode\extensions\redhat.java-1.34.0-win32-x64\server\plugins\org.eclipse.equinox.launcher_1.6.900.v20240613-2009.jar
Launcher Type: SUN_STANDARD

[Global flags]
    uintx AdaptiveSizePolicyWeight                 = 90                                        {product} {command line}
     intx CICompilerCount                          = 2                                         {product} {ergonomic}
    uintx GCTimeRatio                              = 4                                         {product} {command line}
     bool HeapDumpOnOutOfMemoryError               = true                                   {manageable} {command line}
    ccstr HeapDumpPath                             = c:\Users\PC\AppData\Roaming\Code\User\workspaceStorage\2ed185460210b7a3b5d86725ba3f0350\redhat.java         {manageable} {command line}
   size_t InitialHeapSize                          = 104857600                                 {product} {command line}
   size_t MaxHeapSize                              = 1073741824                                {product} {command line}
   size_t MaxNewSize                               = 357564416                                 {product} {ergonomic}
   size_t MinHeapDeltaBytes                        = 524288                                    {product} {ergonomic}
   size_t MinHeapSize                              = 104857600                                 {product} {command line}
   size_t NewSize                                  = 34603008                                  {product} {ergonomic}
    uintx NonNMethodCodeHeapSize                   = 5826188                                {pd product} {ergonomic}
    uintx NonProfiledCodeHeapSize                  = 122916026                              {pd product} {ergonomic}
   size_t OldSize                                  = 70254592                                  {product} {ergonomic}
    uintx ProfiledCodeHeapSize                     = 122916026                              {pd product} {ergonomic}
    uintx ReservedCodeCacheSize                    = 251658240                              {pd product} {ergonomic}
     bool SegmentedCodeCache                       = true                                      {product} {ergonomic}
   size_t SoftMaxHeapSize                          = 1073741824                             {manageable} {ergonomic}
     bool UseCompressedClassPointers               = true                           {product lp64_product} {ergonomic}
     bool UseCompressedOops                        = true                           {product lp64_product} {ergonomic}
     bool UseLargePagesIndividualAllocation        = false                                  {pd product} {ergonomic}
     bool UseParallelGC                            = true                                      {product} {command line}

Logging:
Log output configuration:
 #0: stdout all=off uptime,level,tags
 #1: stderr all=off uptime,level,tags

Environment Variables:
PATH=C:\Program Files\Common Files\Oracle\Java\javapath;C:\Windows\system32;C:\Windows;C:\Windows\System32\Wbem;C:\Windows\System32\WindowsPowerShell\v1.0\;C:\Windows\System32\OpenSSH\;C:\Program Files\Cloudflare\Cloudflare WARP\;C:\Program Files\Java\jdk-22\bin;C:\Program Files\Git\cmd;C:\Users\PC\AppData\Local\Microsoft\WindowsApps;C:\Users\PC\AppData\Local\Programs\Microsoft VS Code\bin
USERNAME=PC
OS=Windows_NT
PROCESSOR_IDENTIFIER=AMD64 Family 21 Model 112 Stepping 0, AuthenticAMD
TMP=C:\Users\PC\AppData\Local\Temp
TEMP=C:\Users\PC\AppData\Local\Temp



Periodic native trim disabled


---------------  S Y S T E M  ---------------

OS:
 Windows 10 , 64 bit Build 19041 (10.0.19041.4717)
OS uptime: 2 days 10:24 hours

CPU: total 2 (initial active 2) (2 cores per cpu, 1 threads per core) family 21 model 112 stepping 0 microcode 0x0, cx8, cmov, fxsr, mmx, 3dnowpref, sse, sse2, sse3, ssse3, sse4a, sse4.1, sse4.2, popcnt, lzcnt, tsc, tscinvbit, avx, avx2, aes, clmul, bmi1, bmi2, fma, vzeroupper, clflush
Processor Information for all 2 processors :
  Max Mhz: 2300, Current Mhz: 2300, Mhz Limit: 2300

Memory: 4k page, system-wide physical 7628M (2571M free)
TotalPageFile size 8844M (AvailPageFile size 1673M)
current process WorkingSet (physical memory assigned to process): 413M, peak: 762M
current process commit charge ("private bytes"): 431M, peak: 678M

vm_info: OpenJDK 64-Bit Server VM (17.0.12+7) for windows-amd64 JRE (17.0.12+7), built on Jul 16 2024 22:08:24 by "admin" with MS VC++ 16.10 / 16.11 (VS2019)

END.
